Akun Admin WebGIS Bansos (Dibuat pada: 2025-06-22 18:22:20)

Username: admin01
Email: admin01@webgis-bansos.com
Password: Y7w$Lp9@Kd3!
Role: admin

Username: admin02
Email: admin02@webgis-bansos.com
Password: Qr6@Vn2#Xc8%
Role: admin

Username: admin03
Email: admin03@webgis-bansos.com
Password: Wm4^Zp7!Rf1&
Role: admin

Username: admin04
Email: admin04@webgis-bansos.com
Password: Gt2&Lx5*Mk9@
Role: admin

Username: admin05
Email: admin05@webgis-bansos.com
Password: Vb3#Nk6!Yq7$
Role: admin

Username: admin06
Email: admin06@webgis-bansos.com
Password: Lp8$Qd3^Ts4!
Role: admin

Username: admin07
Email: admin07@webgis-bansos.com
Password: Xm1^Jv9&Ub2@
Role: admin

Username: admin08
Email: admin08@webgis-bansos.com
Password: Rw5!Zk8@Ln6^
Role: admin

Username: admin09
Email: admin09@webgis-bansos.com
Password: Ns6*Tm3$Qv4&
Role: admin

Username: admin10
Email: admin10@webgis-bansos.com
Password: Kz2&Vp7#Gw1!
Role: admin

